2.4185 	WARNING 	We strongly recommend you activate the PTB sound engine in PsychoPy prefs as the preferred audio engine. Its timing is vastly superior. Your prefs are currently set to use ['sounddevice', 'PTB', 'pyo', 'pygame'] (in that order).
7.7434 	WARNING 	User requested fullscreen with size [1088  614], but screen is actually [1360, 768]. Using actual size
9.6244 	EXP 	Created window1 = Window(allowGUI=False, allowStencil=False, args=UNKNOWN, autoLog=True, bitsMode=UNKNOWN, blendMode='avg', bpc=(8, 8, 8), color=array([0., 0., 0.]), colorSpace='rgb', depthBits=8, fullscr=<method-wrapper '__getattribute__' of attributeSetter object at 0x000001DA4DD32860>, gamma=None, gammaErrorPolicy='raise', kwargs=UNKNOWN, lms=UNKNOWN, monitor=<psychopy.monitors.calibTools.Monitor object at 0x000001DA4DAD5240>, multiSample=False, name='window1', numSamples=2, pos=[0.0, 0.0], screen=0, size=array([1360,  768]), stencilBits=0, stereo=False, units='height', useFBO=True, useRetina=False, viewOri=0.0, viewPos=None, viewScale=None, waitBlanking=True, winType='pyglet')
9.6245 	EXP 	window1: recordFrameIntervals = False
9.7901 	EXP 	window1: recordFrameIntervals = True
9.9736 	EXP 	window1: recordFrameIntervals = False
10.6272 	EXP 	Created setupText = TextStim(__class__=<class 'psychopy.visual.text.TextStim'>, alignHoriz=method-wrapper(...), alignText='center', alignVert=method-wrapper(...), anchorHoriz='center', anchorVert='center', antialias=True, autoLog=True, bold=False, color='white', colorSpace='named', contrast=1.0, depth=0.0, flipHoriz=False, flipVert=False, font='Arial', fontFiles=[], height=0.05, italic=False, languageStyle='LTR', name='setupText', opacity=1.0, ori=0, pos=array([0., 0.]), rgb=array([255., 255., 255.]), text='Move mouse.Space continue', units='height', win=Window(...), wrapWidth=1)
10.6405 	EXP 	Created instrText = TextStim(__class__=<class 'psychopy.visual.text.TextStim'>, alignHoriz=method-wrapper(...), alignText='center', alignVert=method-wrapper(...), anchorHoriz='center', anchorVert='center', antialias=True, autoLog=True, bold=False, color='white', colorSpace='named', contrast=1.0, depth=0.0, flipHoriz=False, flipVert=False, font='Arial', fontFiles=[], height=0.05, italic=False, languageStyle='LTR', name='instrText', opacity=1.0, ori=0, pos=array([0., 0.]), rgb=array([255., 255., 255.]), text='default text', units='height', win=Window(...), wrapWidth=1)
10.6594 	EXP 	Created trialTarget = Polygon(__class__=<class 'psychopy.visual.polygon.Polygon'>, autoDraw=False, autoLog=True, closeShape=True, color=method-wrapper(...), colorSpace=None, contrast=1.0, depth=-2.0, fillColor=array([1., 1., 1.]), fillColorSpace='rgb', fillRGB=array([1., 1., 1.]), interpolate=True, lineColor=array([1., 1., 1.]), lineColorSpace='rgb', lineRGB=array([1., 1., 1.]), lineWidth=1, name='trialTarget', opacity=1.0, ori=array(0.), pos=array([0., 0.]), size=array([0.05, 0.05]), units='height', vertices=ndarray(...), win=Window(...))
10.6742 	EXP 	Created trialHome = Polygon(__class__=<class 'psychopy.visual.polygon.Polygon'>, autoDraw=False, autoLog=True, closeShape=True, color=method-wrapper(...), colorSpace=None, contrast=1.0, depth=-3.0, fillColor=array([1., 1., 1.]), fillColorSpace='rgb', fillRGB=array([1., 1., 1.]), interpolate=True, lineColor=array([1., 1., 1.]), lineColorSpace='rgb', lineRGB=array([1., 1., 1.]), lineWidth=1, name='trialHome', opacity=1.0, ori=array(0.), pos=array([0., 0.]), size=array([0.05, 0.05]), units='height', vertices=ndarray(...), win=Window(...))
10.6882 	EXP 	Created trialCursor = Polygon(__class__=<class 'psychopy.visual.polygon.Polygon'>, autoDraw=False, autoLog=True, closeShape=True, color=method-wrapper(...), colorSpace=None, contrast=1.0, depth=-4.0, fillColor=None, fillColorSpace='rgb', fillRGB=None, interpolate=True, lineColor=array([-1., -1., -1.]), lineColorSpace='rgb', lineRGB=array([-1., -1., -1.]), lineWidth=1, name='trialCursor', opacity=1.0, ori=array(0.), pos=array([0., 0.]), size=array([0.025, 0.025]), units='height', vertices=ndarray(...), win=Window(...))
10.7103 	EXP 	Created trialText = TextStim(__class__=<class 'psychopy.visual.text.TextStim'>, alignHoriz=method-wrapper(...), alignText='center', alignVert=method-wrapper(...), anchorHoriz='center', anchorVert='center', antialias=True, autoLog=True, bold=False, color='white', colorSpace='named', contrast=1.0, depth=-6.0, flipHoriz=False, flipVert=False, font='Arial', fontFiles=[], height=0.05, italic=False, languageStyle='LTR', name='trialText', opacity=1.0, ori=0, pos=array([-0.4,  0.4]), rgb=array([255., 255., 255.]), text='Any text\n\nincluding line breaks', units='height', win=Window(...), wrapWidth=1)
10.7279 	EXP 	Created trialBuff = Polygon(__class__=<class 'psychopy.visual.polygon.Polygon'>, autoDraw=False, autoLog=True, closeShape=True, color=method-wrapper(...), colorSpace=None, contrast=1.0, depth=-8.0, fillColor=array([1., 1., 1.]), fillColorSpace='rgb', fillRGB=array([1., 1., 1.]), interpolate=True, lineColor=array([1., 1., 1.]), lineColorSpace='rgb', lineRGB=array([1., 1., 1.]), lineWidth=1, name='trialBuff', opacity=1.0, ori=array(0.), pos=array([0., 0.]), size=array([1., 1.]), units='height', vertices=ndarray(...), win=Window(...))
10.7354 	EXP 	Created thanks = TextStim(__class__=<class 'psychopy.visual.text.TextStim'>, alignHoriz=method-wrapper(...), alignText='center', alignVert=method-wrapper(...), anchorHoriz='center', anchorVert='center', antialias=True, autoLog=True, bold=False, color='white', colorSpace='named', contrast=1.0, depth=0.0, flipHoriz=False, flipVert=False, font='Arial', fontFiles=[], height=0.05, italic=False, languageStyle='LTR', name='thanks', opacity=1.0, ori=0, pos=array([0., 0.]), rgb=array([255., 255., 255.]), text='Space end.', units='height', win=Window(...), wrapWidth=1)
10.7714 	EXP 	setupText: autoDraw = True
11.7271 	EXP 	Imported taskConds.xlsx as conditions, 3 conditions, 4 params
11.7276 	EXP 	Created sequence: sequential, trialTypes=3, nReps=1, seed=None
11.7282 	EXP 	New trial (rep=0, index=0): OrderedDict([('condsFile', 'famConds.xlsx'), ('taskVersion', 'Familiarization'), ('taskReps', 24), ('loopCount', 0)])
11.7384 	DATA 	Keypress: space
11.7440 	EXP 	setupText: autoDraw = False
11.7440 	EXP 	instrText: text = 1
11.7440 	EXP 	instrText: autoDraw = True
12.1710 	EXP 	Imported famConds.xlsx as conditions, 24 conditions, 2 params
12.1715 	EXP 	Created sequence: sequential, trialTypes=24, nReps=1, seed=None
12.1721 	EXP 	New trial (rep=0, index=0): OrderedDict([('trialNum', 0), ('phase', 'Align')])
12.1723 	EXP 	window1: mouseVisible = False
12.1755 	DATA 	Keypress: space
12.1868 	EXP 	instrText: autoDraw = False
12.1868 	EXP 	trialText: text = '1'
12.1868 	EXP 	trialCursor: pos = (1.5, 1.5)
12.1868 	EXP 	trialTarget: autoDraw = True
12.1868 	EXP 	trialHome: autoDraw = True
12.1868 	EXP 	trialCursor: autoDraw = True
12.1868 	EXP 	trialText: autoDraw = True
12.1868 	EXP 	trialBuff: autoDraw = True
13.1895 	EXP 	trialBuff: autoDraw = False
13.6568 	DATA 	Keypress: space
13.6676 	EXP 	New trial (rep=0, index=1): OrderedDict([('trialNum', 1), ('phase', 'Align')])
13.6678 	EXP 	window1: mouseVisible = False
13.6844 	EXP 	trialTarget: autoDraw = False
13.6844 	EXP 	trialHome: autoDraw = False
13.6844 	EXP 	trialCursor: autoDraw = False
13.6844 	EXP 	trialText: autoDraw = False
13.6844 	EXP 	trialBuff: autoDraw = False
13.6844 	EXP 	trialText: text = '2'
13.6844 	EXP 	trialCursor: pos = (1.5, 1.5)
13.6844 	EXP 	trialTarget: autoDraw = True
13.6844 	EXP 	trialHome: autoDraw = True
13.6844 	EXP 	trialCursor: autoDraw = True
13.6844 	EXP 	trialText: autoDraw = True
13.6844 	EXP 	trialBuff: autoDraw = True
13.8455 	DATA 	Keypress: space
13.8634 	EXP 	New trial (rep=0, index=2): OrderedDict([('trialNum', 2), ('phase', 'Align')])
13.8635 	EXP 	window1: mouseVisible = False
13.8798 	EXP 	trialTarget: autoDraw = False
13.8798 	EXP 	trialHome: autoDraw = False
13.8798 	EXP 	trialCursor: autoDraw = False
13.8798 	EXP 	trialText: autoDraw = False
13.8798 	EXP 	trialBuff: autoDraw = False
13.8798 	EXP 	trialText: text = '3'
13.8798 	EXP 	trialCursor: pos = (1.5, 1.5)
13.8798 	EXP 	trialTarget: autoDraw = True
13.8798 	EXP 	trialHome: autoDraw = True
13.8798 	EXP 	trialCursor: autoDraw = True
13.8798 	EXP 	trialText: autoDraw = True
13.8798 	EXP 	trialBuff: autoDraw = True
14.0063 	DATA 	Keypress: space
14.0139 	EXP 	New trial (rep=0, index=3): OrderedDict([('trialNum', 3), ('phase', 'Align')])
14.0141 	EXP 	window1: mouseVisible = False
14.0298 	EXP 	trialTarget: autoDraw = False
14.0298 	EXP 	trialHome: autoDraw = False
14.0298 	EXP 	trialCursor: autoDraw = False
14.0298 	EXP 	trialText: autoDraw = False
14.0298 	EXP 	trialBuff: autoDraw = False
14.0298 	EXP 	trialText: text = '4'
14.0298 	EXP 	trialCursor: pos = (1.5, 1.5)
14.0298 	EXP 	trialTarget: autoDraw = True
14.0298 	EXP 	trialHome: autoDraw = True
14.0298 	EXP 	trialCursor: autoDraw = True
14.0298 	EXP 	trialText: autoDraw = True
14.0298 	EXP 	trialBuff: autoDraw = True
14.1732 	DATA 	Keypress: space
14.1801 	EXP 	New trial (rep=0, index=4): OrderedDict([('trialNum', 4), ('phase', 'Align')])
14.1803 	EXP 	window1: mouseVisible = False
14.1960 	EXP 	trialTarget: autoDraw = False
14.1960 	EXP 	trialHome: autoDraw = False
14.1960 	EXP 	trialCursor: autoDraw = False
14.1960 	EXP 	trialText: autoDraw = False
14.1960 	EXP 	trialBuff: autoDraw = False
14.1960 	EXP 	trialText: text = '5'
14.1960 	EXP 	trialCursor: pos = (1.5, 1.5)
14.1960 	EXP 	trialTarget: autoDraw = True
14.1960 	EXP 	trialHome: autoDraw = True
14.1960 	EXP 	trialCursor: autoDraw = True
14.1960 	EXP 	trialText: autoDraw = True
14.1960 	EXP 	trialBuff: autoDraw = True
14.3066 	DATA 	Keypress: space
14.3152 	EXP 	New trial (rep=0, index=5): OrderedDict([('trialNum', 5), ('phase', 'Align')])
14.3153 	EXP 	window1: mouseVisible = False
14.3333 	EXP 	trialTarget: autoDraw = False
14.3333 	EXP 	trialHome: autoDraw = False
14.3333 	EXP 	trialCursor: autoDraw = False
14.3333 	EXP 	trialText: autoDraw = False
14.3333 	EXP 	trialBuff: autoDraw = False
14.3333 	EXP 	trialText: text = '6'
14.3333 	EXP 	trialCursor: pos = (1.5, 1.5)
14.3333 	EXP 	trialTarget: autoDraw = True
14.3333 	EXP 	trialHome: autoDraw = True
14.3333 	EXP 	trialCursor: autoDraw = True
14.3333 	EXP 	trialText: autoDraw = True
14.3333 	EXP 	trialBuff: autoDraw = True
14.4568 	DATA 	Keypress: space
14.4653 	EXP 	New trial (rep=0, index=6): OrderedDict([('trialNum', 6), ('phase', 'Align')])
14.4655 	EXP 	window1: mouseVisible = False
14.4823 	EXP 	trialTarget: autoDraw = False
14.4823 	EXP 	trialHome: autoDraw = False
14.4823 	EXP 	trialCursor: autoDraw = False
14.4823 	EXP 	trialText: autoDraw = False
14.4823 	EXP 	trialBuff: autoDraw = False
14.4823 	EXP 	trialText: text = '7'
14.4823 	EXP 	trialCursor: pos = (1.5, 1.5)
14.4823 	EXP 	trialTarget: autoDraw = True
14.4823 	EXP 	trialHome: autoDraw = True
14.4823 	EXP 	trialCursor: autoDraw = True
14.4823 	EXP 	trialText: autoDraw = True
14.4823 	EXP 	trialBuff: autoDraw = True
14.6130 	DATA 	Keypress: space
14.6305 	EXP 	New trial (rep=0, index=7): OrderedDict([('trialNum', 7), ('phase', 'Align')])
14.6307 	EXP 	window1: mouseVisible = False
14.6463 	EXP 	trialTarget: autoDraw = False
14.6463 	EXP 	trialHome: autoDraw = False
14.6463 	EXP 	trialCursor: autoDraw = False
14.6463 	EXP 	trialText: autoDraw = False
14.6463 	EXP 	trialBuff: autoDraw = False
14.6463 	EXP 	trialText: text = '8'
14.6463 	EXP 	trialCursor: pos = (1.5, 1.5)
14.6463 	EXP 	trialTarget: autoDraw = True
14.6463 	EXP 	trialHome: autoDraw = True
14.6463 	EXP 	trialCursor: autoDraw = True
14.6463 	EXP 	trialText: autoDraw = True
14.6463 	EXP 	trialBuff: autoDraw = True
14.8462 	DATA 	Keypress: space
14.8639 	EXP 	New trial (rep=0, index=8): OrderedDict([('trialNum', 8), ('phase', 'Align')])
14.8641 	EXP 	window1: mouseVisible = False
14.8813 	EXP 	trialTarget: autoDraw = False
14.8813 	EXP 	trialHome: autoDraw = False
14.8813 	EXP 	trialCursor: autoDraw = False
14.8813 	EXP 	trialText: autoDraw = False
14.8813 	EXP 	trialBuff: autoDraw = False
14.8813 	EXP 	trialText: text = '9'
14.8813 	EXP 	trialCursor: pos = (1.5, 1.5)
14.8813 	EXP 	trialTarget: autoDraw = True
14.8813 	EXP 	trialHome: autoDraw = True
14.8813 	EXP 	trialCursor: autoDraw = True
14.8813 	EXP 	trialText: autoDraw = True
14.8813 	EXP 	trialBuff: autoDraw = True
15.1305 	EXP 	New trial (rep=0, index=9): OrderedDict([('trialNum', 9), ('phase', 'Align')])
15.1307 	EXP 	window1: mouseVisible = False
15.1386 	DATA 	Keypress: space
15.1486 	EXP 	trialTarget: autoDraw = False
15.1486 	EXP 	trialHome: autoDraw = False
15.1486 	EXP 	trialCursor: autoDraw = False
15.1486 	EXP 	trialText: autoDraw = False
15.1486 	EXP 	trialBuff: autoDraw = False
15.1486 	EXP 	trialText: text = '10'
15.1486 	EXP 	trialCursor: pos = (1.5, 1.5)
15.1486 	EXP 	trialTarget: autoDraw = True
15.1486 	EXP 	trialHome: autoDraw = True
15.1486 	EXP 	trialCursor: autoDraw = True
15.1486 	EXP 	trialText: autoDraw = True
15.1486 	EXP 	trialBuff: autoDraw = True
16.1551 	EXP 	trialBuff: autoDraw = False
16.4979 	EXP 	New trial (rep=0, index=10): OrderedDict([('trialNum', 10), ('phase', 'Align')])
16.4981 	EXP 	window1: mouseVisible = False
16.5116 	EXP 	trialTarget: autoDraw = False
16.5116 	EXP 	trialHome: autoDraw = False
16.5116 	EXP 	trialCursor: autoDraw = False
16.5116 	EXP 	trialText: autoDraw = False
16.5116 	EXP 	trialBuff: autoDraw = False
16.5116 	EXP 	trialText: text = '11'
16.5116 	EXP 	trialCursor: pos = (1.5, 1.5)
16.5116 	EXP 	trialTarget: autoDraw = True
16.5116 	EXP 	trialHome: autoDraw = True
16.5116 	EXP 	trialCursor: autoDraw = True
16.5116 	EXP 	trialText: autoDraw = True
16.5116 	EXP 	trialBuff: autoDraw = True
17.5138 	EXP 	New trial (rep=0, index=11): OrderedDict([('trialNum', 11), ('phase', 'Align')])
17.5140 	EXP 	window1: mouseVisible = False
17.5298 	EXP 	trialBuff: autoDraw = False
17.5298 	EXP 	trialTarget: autoDraw = False
17.5298 	EXP 	trialHome: autoDraw = False
17.5298 	EXP 	trialCursor: autoDraw = False
17.5298 	EXP 	trialText: autoDraw = False
17.5298 	EXP 	trialBuff: autoDraw = False
17.5298 	EXP 	trialText: text = '12'
17.5298 	EXP 	trialCursor: pos = (1.5, 1.5)
17.5298 	EXP 	trialTarget: autoDraw = True
17.5298 	EXP 	trialHome: autoDraw = True
17.5298 	EXP 	trialCursor: autoDraw = True
17.5298 	EXP 	trialText: autoDraw = True
17.5298 	EXP 	trialBuff: autoDraw = True
18.5139 	EXP 	New trial (rep=0, index=12): OrderedDict([('trialNum', 12), ('phase', 'Error Clamped')])
18.5141 	EXP 	window1: mouseVisible = False
18.5277 	EXP 	trialTarget: autoDraw = False
18.5277 	EXP 	trialHome: autoDraw = False
18.5277 	EXP 	trialCursor: autoDraw = False
18.5277 	EXP 	trialText: autoDraw = False
18.5277 	EXP 	trialBuff: autoDraw = False
18.5277 	EXP 	trialText: text = '13'
18.5277 	EXP 	trialCursor: pos = (1.5, 1.5)
18.5277 	EXP 	trialTarget: autoDraw = True
18.5277 	EXP 	trialHome: autoDraw = True
18.5277 	EXP 	trialCursor: autoDraw = True
18.5277 	EXP 	trialText: autoDraw = True
18.5277 	EXP 	trialBuff: autoDraw = True
19.5375 	EXP 	trialBuff: autoDraw = False
21.7489 	EXP 	New trial (rep=0, index=13): OrderedDict([('trialNum', 13), ('phase', 'Error Clamped')])
21.7492 	EXP 	window1: mouseVisible = False
21.7633 	EXP 	trialTarget: autoDraw = False
21.7633 	EXP 	trialHome: autoDraw = False
21.7633 	EXP 	trialCursor: autoDraw = False
21.7633 	EXP 	trialText: autoDraw = False
21.7633 	EXP 	trialBuff: autoDraw = False
21.7633 	EXP 	trialText: text = '14'
21.7633 	EXP 	trialCursor: pos = (1.5, 1.5)
21.7633 	EXP 	trialTarget: autoDraw = True
21.7633 	EXP 	trialHome: autoDraw = True
21.7633 	EXP 	trialCursor: autoDraw = True
21.7633 	EXP 	trialText: autoDraw = True
21.7633 	EXP 	trialBuff: autoDraw = True
22.7701 	EXP 	trialBuff: autoDraw = False
24.0641 	EXP 	New trial (rep=0, index=14): OrderedDict([('trialNum', 14), ('phase', 'Error Clamped')])
24.0643 	EXP 	window1: mouseVisible = False
24.0790 	EXP 	trialTarget: autoDraw = False
24.0790 	EXP 	trialHome: autoDraw = False
24.0790 	EXP 	trialCursor: autoDraw = False
24.0790 	EXP 	trialText: autoDraw = False
24.0790 	EXP 	trialBuff: autoDraw = False
24.0790 	EXP 	trialText: text = '15'
24.0790 	EXP 	trialCursor: pos = (1.5, 1.5)
24.0790 	EXP 	trialTarget: autoDraw = True
24.0790 	EXP 	trialHome: autoDraw = True
24.0790 	EXP 	trialCursor: autoDraw = True
24.0790 	EXP 	trialText: autoDraw = True
24.0790 	EXP 	trialBuff: autoDraw = True
25.0862 	EXP 	trialBuff: autoDraw = False
25.9293 	EXP 	New trial (rep=0, index=15): OrderedDict([('trialNum', 15), ('phase', 'Error Clamped')])
25.9294 	EXP 	window1: mouseVisible = False
25.9434 	EXP 	trialTarget: autoDraw = False
25.9434 	EXP 	trialHome: autoDraw = False
25.9434 	EXP 	trialCursor: autoDraw = False
25.9434 	EXP 	trialText: autoDraw = False
25.9434 	EXP 	trialBuff: autoDraw = False
25.9434 	EXP 	trialText: text = '16'
25.9434 	EXP 	trialCursor: pos = (1.5, 1.5)
25.9434 	EXP 	trialTarget: autoDraw = True
25.9434 	EXP 	trialHome: autoDraw = True
25.9434 	EXP 	trialCursor: autoDraw = True
25.9434 	EXP 	trialText: autoDraw = True
25.9434 	EXP 	trialBuff: autoDraw = True
26.9524 	EXP 	trialBuff: autoDraw = False
27.0778 	EXP 	New trial (rep=0, index=16): OrderedDict([('trialNum', 16), ('phase', 'Error Clamped')])
27.0780 	EXP 	window1: mouseVisible = False
27.0929 	EXP 	trialTarget: autoDraw = False
27.0929 	EXP 	trialHome: autoDraw = False
27.0929 	EXP 	trialCursor: autoDraw = False
27.0929 	EXP 	trialText: autoDraw = False
27.0929 	EXP 	trialBuff: autoDraw = False
27.0929 	EXP 	trialText: text = '17'
27.0929 	EXP 	trialCursor: pos = (1.5, 1.5)
27.0929 	EXP 	trialTarget: autoDraw = True
27.0929 	EXP 	trialHome: autoDraw = True
27.0929 	EXP 	trialCursor: autoDraw = True
27.0929 	EXP 	trialText: autoDraw = True
27.0929 	EXP 	trialBuff: autoDraw = True
28.1021 	EXP 	trialBuff: autoDraw = False
28.2952 	EXP 	New trial (rep=0, index=17): OrderedDict([('trialNum', 17), ('phase', 'Error Clamped')])
28.2954 	EXP 	window1: mouseVisible = False
28.3102 	EXP 	trialTarget: autoDraw = False
28.3102 	EXP 	trialHome: autoDraw = False
28.3102 	EXP 	trialCursor: autoDraw = False
28.3102 	EXP 	trialText: autoDraw = False
28.3102 	EXP 	trialBuff: autoDraw = False
28.3102 	EXP 	trialText: text = '18'
28.3102 	EXP 	trialCursor: pos = (1.5, 1.5)
28.3102 	EXP 	trialTarget: autoDraw = True
28.3102 	EXP 	trialHome: autoDraw = True
28.3102 	EXP 	trialCursor: autoDraw = True
28.3102 	EXP 	trialText: autoDraw = True
28.3102 	EXP 	trialBuff: autoDraw = True
29.2774 	EXP 	New trial (rep=0, index=18): OrderedDict([('trialNum', 18), ('phase', 'Error Clamped')])
29.2776 	EXP 	window1: mouseVisible = False
29.2924 	EXP 	trialTarget: autoDraw = False
29.2924 	EXP 	trialHome: autoDraw = False
29.2924 	EXP 	trialCursor: autoDraw = False
29.2924 	EXP 	trialText: autoDraw = False
29.2924 	EXP 	trialBuff: autoDraw = False
29.2924 	EXP 	trialText: text = '19'
29.2924 	EXP 	trialCursor: pos = (1.5, 1.5)
29.2924 	EXP 	trialTarget: autoDraw = True
29.2924 	EXP 	trialHome: autoDraw = True
29.2924 	EXP 	trialCursor: autoDraw = True
29.2924 	EXP 	trialText: autoDraw = True
29.2924 	EXP 	trialBuff: autoDraw = True
30.3017 	EXP 	trialBuff: autoDraw = False
30.4610 	EXP 	New trial (rep=0, index=19): OrderedDict([('trialNum', 19), ('phase', 'Error Clamped')])
30.4611 	EXP 	window1: mouseVisible = False
30.4748 	EXP 	trialTarget: autoDraw = False
30.4748 	EXP 	trialHome: autoDraw = False
30.4748 	EXP 	trialCursor: autoDraw = False
30.4748 	EXP 	trialText: autoDraw = False
30.4748 	EXP 	trialBuff: autoDraw = False
30.4748 	EXP 	trialText: text = '20'
30.4748 	EXP 	trialCursor: pos = (1.5, 1.5)
30.4748 	EXP 	trialTarget: autoDraw = True
30.4748 	EXP 	trialHome: autoDraw = True
30.4748 	EXP 	trialCursor: autoDraw = True
30.4748 	EXP 	trialText: autoDraw = True
30.4748 	EXP 	trialBuff: autoDraw = True
31.4849 	EXP 	trialBuff: autoDraw = False
31.5767 	EXP 	New trial (rep=0, index=20): OrderedDict([('trialNum', 20), ('phase', 'Error Clamped')])
31.5769 	EXP 	window1: mouseVisible = False
31.5925 	EXP 	trialTarget: autoDraw = False
31.5925 	EXP 	trialHome: autoDraw = False
31.5925 	EXP 	trialCursor: autoDraw = False
31.5925 	EXP 	trialText: autoDraw = False
31.5925 	EXP 	trialBuff: autoDraw = False
31.5925 	EXP 	trialText: text = '21'
31.5925 	EXP 	trialCursor: pos = (1.5, 1.5)
31.5925 	EXP 	trialTarget: autoDraw = True
31.5925 	EXP 	trialHome: autoDraw = True
31.5925 	EXP 	trialCursor: autoDraw = True
31.5925 	EXP 	trialText: autoDraw = True
31.5925 	EXP 	trialBuff: autoDraw = True
32.6011 	EXP 	trialBuff: autoDraw = False
34.9617 	EXP 	New trial (rep=0, index=21): OrderedDict([('trialNum', 21), ('phase', 'Error Clamped')])
34.9619 	EXP 	window1: mouseVisible = False
34.9763 	EXP 	trialTarget: autoDraw = False
34.9763 	EXP 	trialHome: autoDraw = False
34.9763 	EXP 	trialCursor: autoDraw = False
34.9763 	EXP 	trialText: autoDraw = False
34.9763 	EXP 	trialBuff: autoDraw = False
34.9763 	EXP 	trialText: text = '22'
34.9763 	EXP 	trialCursor: pos = (1.5, 1.5)
34.9763 	EXP 	trialTarget: autoDraw = True
34.9763 	EXP 	trialHome: autoDraw = True
34.9763 	EXP 	trialCursor: autoDraw = True
34.9763 	EXP 	trialText: autoDraw = True
34.9763 	EXP 	trialBuff: autoDraw = True
35.9431 	EXP 	New trial (rep=0, index=22): OrderedDict([('trialNum', 22), ('phase', 'Error Clamped')])
35.9432 	EXP 	window1: mouseVisible = False
35.9571 	EXP 	trialTarget: autoDraw = False
35.9571 	EXP 	trialHome: autoDraw = False
35.9571 	EXP 	trialCursor: autoDraw = False
35.9571 	EXP 	trialText: autoDraw = False
35.9571 	EXP 	trialBuff: autoDraw = False
35.9571 	EXP 	trialText: text = '23'
35.9571 	EXP 	trialCursor: pos = (1.5, 1.5)
35.9571 	EXP 	trialTarget: autoDraw = True
35.9571 	EXP 	trialHome: autoDraw = True
35.9571 	EXP 	trialCursor: autoDraw = True
35.9571 	EXP 	trialText: autoDraw = True
35.9571 	EXP 	trialBuff: autoDraw = True
36.9665 	EXP 	trialBuff: autoDraw = False
36.9925 	EXP 	New trial (rep=0, index=23): OrderedDict([('trialNum', 23), ('phase', 'Error Clamped')])
36.9927 	EXP 	window1: mouseVisible = False
37.0069 	EXP 	trialTarget: autoDraw = False
37.0069 	EXP 	trialHome: autoDraw = False
37.0069 	EXP 	trialCursor: autoDraw = False
37.0069 	EXP 	trialText: autoDraw = False
37.0069 	EXP 	trialBuff: autoDraw = False
37.0069 	EXP 	trialText: text = '24'
37.0069 	EXP 	trialCursor: pos = (1.5, 1.5)
37.0069 	EXP 	trialTarget: autoDraw = True
37.0069 	EXP 	trialHome: autoDraw = True
37.0069 	EXP 	trialCursor: autoDraw = True
37.0069 	EXP 	trialText: autoDraw = True
37.0069 	EXP 	trialBuff: autoDraw = True
38.0166 	EXP 	trialBuff: autoDraw = False
39.2770 	EXP 	New trial (rep=0, index=1): OrderedDict([('condsFile', 'mainConds.xlsx'), ('taskVersion', 'Abrupt'), ('taskReps', 160), ('loopCount', 0)])
39.2889 	EXP 	trialTarget: autoDraw = False
39.2889 	EXP 	trialHome: autoDraw = False
39.2889 	EXP 	trialCursor: autoDraw = False
39.2889 	EXP 	trialText: autoDraw = False
39.2889 	EXP 	trialBuff: autoDraw = False
39.2889 	EXP 	instrText: text = 1
39.2889 	EXP 	instrText: autoDraw = True
40.0875 	DATA 	Keypress: c
40.6233 	EXP 	Imported mainConds.xlsx as conditions, 160 conditions, 2 params
40.6248 	EXP 	Created sequence: sequential, trialTypes=160, nReps=1, seed=None
40.6254 	EXP 	New trial (rep=0, index=0): OrderedDict([('trialNum', 0), ('phase', 'Aligned')])
40.6255 	EXP 	window1: mouseVisible = False
40.6292 	DATA 	Keypress: space
40.6388 	EXP 	instrText: autoDraw = False
40.6388 	EXP 	trialText: text = '1'
40.6388 	EXP 	trialCursor: pos = (1.5, 1.5)
40.6388 	EXP 	trialTarget: autoDraw = True
40.6388 	EXP 	trialHome: autoDraw = True
40.6388 	EXP 	trialCursor: autoDraw = True
40.6388 	EXP 	trialText: autoDraw = True
40.6388 	EXP 	trialBuff: autoDraw = True
41.6487 	EXP 	trialBuff: autoDraw = False
42.5137 	EXP 	New trial (rep=0, index=1): OrderedDict([('trialNum', 1), ('phase', 'Aligned')])
42.5139 	EXP 	window1: mouseVisible = False
42.5274 	EXP 	trialTarget: autoDraw = False
42.5274 	EXP 	trialHome: autoDraw = False
42.5274 	EXP 	trialCursor: autoDraw = False
42.5274 	EXP 	trialText: autoDraw = False
42.5274 	EXP 	trialBuff: autoDraw = False
42.5274 	EXP 	trialText: text = '2'
42.5274 	EXP 	trialCursor: pos = (1.5, 1.5)
42.5274 	EXP 	trialTarget: autoDraw = True
42.5274 	EXP 	trialHome: autoDraw = True
42.5274 	EXP 	trialCursor: autoDraw = True
42.5274 	EXP 	trialText: autoDraw = True
42.5274 	EXP 	trialBuff: autoDraw = True
43.5317 	EXP 	trialBuff: autoDraw = False
43.5907 	EXP 	New trial (rep=0, index=2): OrderedDict([('trialNum', 2), ('phase', 'Aligned')])
43.5909 	EXP 	window1: mouseVisible = False
43.6051 	EXP 	trialTarget: autoDraw = False
43.6051 	EXP 	trialHome: autoDraw = False
43.6051 	EXP 	trialCursor: autoDraw = False
43.6051 	EXP 	trialText: autoDraw = False
43.6051 	EXP 	trialBuff: autoDraw = False
43.6051 	EXP 	trialText: text = '3'
43.6051 	EXP 	trialCursor: pos = (1.5, 1.5)
43.6051 	EXP 	trialTarget: autoDraw = True
43.6051 	EXP 	trialHome: autoDraw = True
43.6051 	EXP 	trialCursor: autoDraw = True
43.6051 	EXP 	trialText: autoDraw = True
43.6051 	EXP 	trialBuff: autoDraw = True
44.4571 	EXP 	New trial (rep=0, index=3): OrderedDict([('trialNum', 3), ('phase', 'Aligned')])
44.4573 	EXP 	window1: mouseVisible = False
44.4711 	EXP 	trialTarget: autoDraw = False
44.4711 	EXP 	trialHome: autoDraw = False
44.4711 	EXP 	trialCursor: autoDraw = False
44.4711 	EXP 	trialText: autoDraw = False
44.4711 	EXP 	trialBuff: autoDraw = False
44.4711 	EXP 	trialText: text = '4'
44.4711 	EXP 	trialCursor: pos = (1.5, 1.5)
44.4711 	EXP 	trialTarget: autoDraw = True
44.4711 	EXP 	trialHome: autoDraw = True
44.4711 	EXP 	trialCursor: autoDraw = True
44.4711 	EXP 	trialText: autoDraw = True
44.4711 	EXP 	trialBuff: autoDraw = True
45.4239 	EXP 	New trial (rep=0, index=4): OrderedDict([('trialNum', 4), ('phase', 'Aligned')])
45.4241 	EXP 	window1: mouseVisible = False
45.4376 	EXP 	trialTarget: autoDraw = False
45.4376 	EXP 	trialHome: autoDraw = False
45.4376 	EXP 	trialCursor: autoDraw = False
45.4376 	EXP 	trialText: autoDraw = False
45.4376 	EXP 	trialBuff: autoDraw = False
45.4376 	EXP 	trialText: text = '5'
45.4376 	EXP 	trialCursor: pos = (1.5, 1.5)
45.4376 	EXP 	trialTarget: autoDraw = True
45.4376 	EXP 	trialHome: autoDraw = True
45.4376 	EXP 	trialCursor: autoDraw = True
45.4376 	EXP 	trialText: autoDraw = True
45.4376 	EXP 	trialBuff: autoDraw = True
46.2565 	EXP 	New trial (rep=0, index=5): OrderedDict([('trialNum', 5), ('phase', 'Aligned')])
46.2567 	EXP 	window1: mouseVisible = False
46.2718 	EXP 	trialTarget: autoDraw = False
46.2718 	EXP 	trialHome: autoDraw = False
46.2718 	EXP 	trialCursor: autoDraw = False
46.2718 	EXP 	trialText: autoDraw = False
46.2718 	EXP 	trialBuff: autoDraw = False
46.2718 	EXP 	trialText: text = '6'
46.2718 	EXP 	trialCursor: pos = (1.5, 1.5)
46.2718 	EXP 	trialTarget: autoDraw = True
46.2718 	EXP 	trialHome: autoDraw = True
46.2718 	EXP 	trialCursor: autoDraw = True
46.2718 	EXP 	trialText: autoDraw = True
46.2718 	EXP 	trialBuff: autoDraw = True
47.0232 	EXP 	New trial (rep=0, index=6): OrderedDict([('trialNum', 6), ('phase', 'Aligned')])
47.0233 	EXP 	window1: mouseVisible = False
47.0375 	EXP 	trialTarget: autoDraw = False
47.0375 	EXP 	trialHome: autoDraw = False
47.0375 	EXP 	trialCursor: autoDraw = False
47.0375 	EXP 	trialText: autoDraw = False
47.0375 	EXP 	trialBuff: autoDraw = False
47.0375 	EXP 	trialText: text = '7'
47.0375 	EXP 	trialCursor: pos = (1.5, 1.5)
47.0375 	EXP 	trialTarget: autoDraw = True
47.0375 	EXP 	trialHome: autoDraw = True
47.0375 	EXP 	trialCursor: autoDraw = True
47.0375 	EXP 	trialText: autoDraw = True
47.0375 	EXP 	trialBuff: autoDraw = True
47.8607 	EXP 	New trial (rep=0, index=7): OrderedDict([('trialNum', 7), ('phase', 'Aligned')])
47.8610 	EXP 	window1: mouseVisible = False
47.8761 	EXP 	trialTarget: autoDraw = False
47.8761 	EXP 	trialHome: autoDraw = False
47.8761 	EXP 	trialCursor: autoDraw = False
47.8761 	EXP 	trialText: autoDraw = False
47.8761 	EXP 	trialBuff: autoDraw = False
47.8761 	EXP 	trialText: text = '8'
47.8761 	EXP 	trialCursor: pos = (1.5, 1.5)
47.8761 	EXP 	trialTarget: autoDraw = True
47.8761 	EXP 	trialHome: autoDraw = True
47.8761 	EXP 	trialCursor: autoDraw = True
47.8761 	EXP 	trialText: autoDraw = True
47.8761 	EXP 	trialBuff: autoDraw = True
48.7726 	EXP 	New trial (rep=0, index=8): OrderedDict([('trialNum', 8), ('phase', 'Aligned')])
48.7728 	EXP 	window1: mouseVisible = False
48.7879 	EXP 	trialTarget: autoDraw = False
48.7879 	EXP 	trialHome: autoDraw = False
48.7879 	EXP 	trialCursor: autoDraw = False
48.7879 	EXP 	trialText: autoDraw = False
48.7879 	EXP 	trialBuff: autoDraw = False
48.7879 	EXP 	trialText: text = '9'
48.7879 	EXP 	trialCursor: pos = (1.5, 1.5)
48.7879 	EXP 	trialTarget: autoDraw = True
48.7879 	EXP 	trialHome: autoDraw = True
48.7879 	EXP 	trialCursor: autoDraw = True
48.7879 	EXP 	trialText: autoDraw = True
48.7879 	EXP 	trialBuff: autoDraw = True
49.5886 	EXP 	New trial (rep=0, index=9): OrderedDict([('trialNum', 9), ('phase', 'Aligned')])
49.5888 	EXP 	window1: mouseVisible = False
49.6029 	EXP 	trialTarget: autoDraw = False
49.6029 	EXP 	trialHome: autoDraw = False
49.6029 	EXP 	trialCursor: autoDraw = False
49.6029 	EXP 	trialText: autoDraw = False
49.6029 	EXP 	trialBuff: autoDraw = False
49.6029 	EXP 	trialText: text = '10'
49.6029 	EXP 	trialCursor: pos = (1.5, 1.5)
49.6029 	EXP 	trialTarget: autoDraw = True
49.6029 	EXP 	trialHome: autoDraw = True
49.6029 	EXP 	trialCursor: autoDraw = True
49.6029 	EXP 	trialText: autoDraw = True
49.6029 	EXP 	trialBuff: autoDraw = True
50.5059 	EXP 	New trial (rep=0, index=10): OrderedDict([('trialNum', 10), ('phase', 'Aligned')])
50.5061 	EXP 	window1: mouseVisible = False
50.5199 	EXP 	trialTarget: autoDraw = False
50.5199 	EXP 	trialHome: autoDraw = False
50.5199 	EXP 	trialCursor: autoDraw = False
50.5199 	EXP 	trialText: autoDraw = False
50.5199 	EXP 	trialBuff: autoDraw = False
50.5199 	EXP 	trialText: text = '11'
50.5199 	EXP 	trialCursor: pos = (1.5, 1.5)
50.5199 	EXP 	trialTarget: autoDraw = True
50.5199 	EXP 	trialHome: autoDraw = True
50.5199 	EXP 	trialCursor: autoDraw = True
50.5199 	EXP 	trialText: autoDraw = True
50.5199 	EXP 	trialBuff: autoDraw = True
51.4386 	EXP 	New trial (rep=0, index=11): OrderedDict([('trialNum', 11), ('phase', 'Aligned')])
51.4388 	EXP 	window1: mouseVisible = False
51.4543 	EXP 	trialTarget: autoDraw = False
51.4543 	EXP 	trialHome: autoDraw = False
51.4543 	EXP 	trialCursor: autoDraw = False
51.4543 	EXP 	trialText: autoDraw = False
51.4543 	EXP 	trialBuff: autoDraw = False
51.4543 	EXP 	trialText: text = '12'
51.4543 	EXP 	trialCursor: pos = (1.5, 1.5)
51.4543 	EXP 	trialTarget: autoDraw = True
51.4543 	EXP 	trialHome: autoDraw = True
51.4543 	EXP 	trialCursor: autoDraw = True
51.4543 	EXP 	trialText: autoDraw = True
51.4543 	EXP 	trialBuff: autoDraw = True
52.3221 	EXP 	New trial (rep=0, index=12): OrderedDict([('trialNum', 12), ('phase', 'Aligned')])
52.3223 	EXP 	window1: mouseVisible = False
52.3362 	EXP 	trialTarget: autoDraw = False
52.3362 	EXP 	trialHome: autoDraw = False
52.3362 	EXP 	trialCursor: autoDraw = False
52.3362 	EXP 	trialText: autoDraw = False
52.3362 	EXP 	trialBuff: autoDraw = False
52.3362 	EXP 	trialText: text = '13'
52.3362 	EXP 	trialCursor: pos = (1.5, 1.5)
52.3362 	EXP 	trialTarget: autoDraw = True
52.3362 	EXP 	trialHome: autoDraw = True
52.3362 	EXP 	trialCursor: autoDraw = True
52.3362 	EXP 	trialText: autoDraw = True
52.3362 	EXP 	trialBuff: autoDraw = True
53.3459 	EXP 	trialBuff: autoDraw = False
53.4052 	EXP 	New trial (rep=0, index=13): OrderedDict([('trialNum', 13), ('phase', 'Aligned')])
53.4054 	EXP 	window1: mouseVisible = False
53.4207 	EXP 	trialTarget: autoDraw = False
53.4207 	EXP 	trialHome: autoDraw = False
53.4207 	EXP 	trialCursor: autoDraw = False
53.4207 	EXP 	trialText: autoDraw = False
53.4207 	EXP 	trialBuff: autoDraw = False
53.4207 	EXP 	trialText: text = '14'
53.4207 	EXP 	trialCursor: pos = (1.5, 1.5)
53.4207 	EXP 	trialTarget: autoDraw = True
53.4207 	EXP 	trialHome: autoDraw = True
53.4207 	EXP 	trialCursor: autoDraw = True
53.4207 	EXP 	trialText: autoDraw = True
53.4207 	EXP 	trialBuff: autoDraw = True
54.1255 	EXP 	New trial (rep=0, index=14): OrderedDict([('trialNum', 14), ('phase', 'Aligned')])
54.1259 	EXP 	window1: mouseVisible = False
54.1420 	EXP 	trialTarget: autoDraw = False
54.1420 	EXP 	trialHome: autoDraw = False
54.1420 	EXP 	trialCursor: autoDraw = False
54.1420 	EXP 	trialText: autoDraw = False
54.1420 	EXP 	trialBuff: autoDraw = False
54.1420 	EXP 	trialText: text = '15'
54.1420 	EXP 	trialCursor: pos = (1.5, 1.5)
54.1420 	EXP 	trialTarget: autoDraw = True
54.1420 	EXP 	trialHome: autoDraw = True
54.1420 	EXP 	trialCursor: autoDraw = True
54.1420 	EXP 	trialText: autoDraw = True
54.1420 	EXP 	trialBuff: autoDraw = True
55.1459 	EXP 	trialBuff: autoDraw = False
55.1881 	EXP 	New trial (rep=0, index=15): OrderedDict([('trialNum', 15), ('phase', 'Aligned')])
55.1882 	EXP 	window1: mouseVisible = False
55.2021 	EXP 	trialTarget: autoDraw = False
55.2021 	EXP 	trialHome: autoDraw = False
55.2021 	EXP 	trialCursor: autoDraw = False
55.2021 	EXP 	trialText: autoDraw = False
55.2021 	EXP 	trialBuff: autoDraw = False
55.2021 	EXP 	trialText: text = '16'
55.2021 	EXP 	trialCursor: pos = (1.5, 1.5)
55.2021 	EXP 	trialTarget: autoDraw = True
55.2021 	EXP 	trialHome: autoDraw = True
55.2021 	EXP 	trialCursor: autoDraw = True
55.2021 	EXP 	trialText: autoDraw = True
55.2021 	EXP 	trialBuff: autoDraw = True
56.0038 	EXP 	New trial (rep=0, index=16): OrderedDict([('trialNum', 16), ('phase', 'Aligned')])
56.0040 	EXP 	window1: mouseVisible = False
56.0184 	EXP 	trialTarget: autoDraw = False
56.0184 	EXP 	trialHome: autoDraw = False
56.0184 	EXP 	trialCursor: autoDraw = False
56.0184 	EXP 	trialText: autoDraw = False
56.0184 	EXP 	trialBuff: autoDraw = False
56.0184 	EXP 	trialText: text = '17'
56.0184 	EXP 	trialCursor: pos = (1.5, 1.5)
56.0184 	EXP 	trialTarget: autoDraw = True
56.0184 	EXP 	trialHome: autoDraw = True
56.0184 	EXP 	trialCursor: autoDraw = True
56.0184 	EXP 	trialText: autoDraw = True
56.0184 	EXP 	trialBuff: autoDraw = True
56.8038 	EXP 	New trial (rep=0, index=17): OrderedDict([('trialNum', 17), ('phase', 'Aligned')])
56.8040 	EXP 	window1: mouseVisible = False
56.8182 	EXP 	trialTarget: autoDraw = False
56.8182 	EXP 	trialHome: autoDraw = False
56.8182 	EXP 	trialCursor: autoDraw = False
56.8182 	EXP 	trialText: autoDraw = False
56.8182 	EXP 	trialBuff: autoDraw = False
56.8182 	EXP 	trialText: text = '18'
56.8182 	EXP 	trialCursor: pos = (1.5, 1.5)
56.8182 	EXP 	trialTarget: autoDraw = True
56.8182 	EXP 	trialHome: autoDraw = True
56.8182 	EXP 	trialCursor: autoDraw = True
56.8182 	EXP 	trialText: autoDraw = True
56.8182 	EXP 	trialBuff: autoDraw = True
57.8282 	EXP 	trialBuff: autoDraw = False
57.8872 	EXP 	New trial (rep=0, index=18): OrderedDict([('trialNum', 18), ('phase', 'Aligned')])
57.8874 	EXP 	window1: mouseVisible = False
57.9012 	EXP 	trialTarget: autoDraw = False
57.9012 	EXP 	trialHome: autoDraw = False
57.9012 	EXP 	trialCursor: autoDraw = False
57.9012 	EXP 	trialText: autoDraw = False
57.9012 	EXP 	trialBuff: autoDraw = False
57.9012 	EXP 	trialText: text = '19'
57.9012 	EXP 	trialCursor: pos = (1.5, 1.5)
57.9012 	EXP 	trialTarget: autoDraw = True
57.9012 	EXP 	trialHome: autoDraw = True
57.9012 	EXP 	trialCursor: autoDraw = True
57.9012 	EXP 	trialText: autoDraw = True
57.9012 	EXP 	trialBuff: autoDraw = True
58.7036 	EXP 	New trial (rep=0, index=19): OrderedDict([('trialNum', 19), ('phase', 'Aligned')])
58.7038 	EXP 	window1: mouseVisible = False
58.7175 	EXP 	trialTarget: autoDraw = False
58.7175 	EXP 	trialHome: autoDraw = False
58.7175 	EXP 	trialCursor: autoDraw = False
58.7175 	EXP 	trialText: autoDraw = False
58.7175 	EXP 	trialBuff: autoDraw = False
58.7175 	EXP 	trialText: text = '20'
58.7175 	EXP 	trialCursor: pos = (1.5, 1.5)
58.7175 	EXP 	trialTarget: autoDraw = True
58.7175 	EXP 	trialHome: autoDraw = True
58.7175 	EXP 	trialCursor: autoDraw = True
58.7175 	EXP 	trialText: autoDraw = True
58.7175 	EXP 	trialBuff: autoDraw = True
59.5369 	EXP 	New trial (rep=0, index=20): OrderedDict([('trialNum', 20), ('phase', 'Aligned')])
59.5371 	EXP 	window1: mouseVisible = False
59.5523 	EXP 	trialTarget: autoDraw = False
59.5523 	EXP 	trialHome: autoDraw = False
59.5523 	EXP 	trialCursor: autoDraw = False
59.5523 	EXP 	trialText: autoDraw = False
59.5523 	EXP 	trialBuff: autoDraw = False
59.5523 	EXP 	trialText: text = '21'
59.5523 	EXP 	trialCursor: pos = (1.5, 1.5)
59.5523 	EXP 	trialTarget: autoDraw = True
59.5523 	EXP 	trialHome: autoDraw = True
59.5523 	EXP 	trialCursor: autoDraw = True
59.5523 	EXP 	trialText: autoDraw = True
59.5523 	EXP 	trialBuff: autoDraw = True
60.5608 	EXP 	trialBuff: autoDraw = False
60.6367 	EXP 	New trial (rep=0, index=21): OrderedDict([('trialNum', 21), ('phase', 'Aligned')])
60.6368 	EXP 	window1: mouseVisible = False
60.6506 	EXP 	trialTarget: autoDraw = False
60.6506 	EXP 	trialHome: autoDraw = False
60.6506 	EXP 	trialCursor: autoDraw = False
60.6506 	EXP 	trialText: autoDraw = False
60.6506 	EXP 	trialBuff: autoDraw = False
60.6506 	EXP 	trialText: text = '22'
60.6506 	EXP 	trialCursor: pos = (1.5, 1.5)
60.6506 	EXP 	trialTarget: autoDraw = True
60.6506 	EXP 	trialHome: autoDraw = True
60.6506 	EXP 	trialCursor: autoDraw = True
60.6506 	EXP 	trialText: autoDraw = True
60.6506 	EXP 	trialBuff: autoDraw = True
61.6605 	EXP 	trialBuff: autoDraw = False
62.3200 	EXP 	New trial (rep=0, index=22): OrderedDict([('trialNum', 22), ('phase', 'Aligned')])
62.3202 	EXP 	window1: mouseVisible = False
62.3344 	EXP 	trialTarget: autoDraw = False
62.3344 	EXP 	trialHome: autoDraw = False
62.3344 	EXP 	trialCursor: autoDraw = False
62.3344 	EXP 	trialText: autoDraw = False
62.3344 	EXP 	trialBuff: autoDraw = False
62.3344 	EXP 	trialText: text = '23'
62.3344 	EXP 	trialCursor: pos = (1.5, 1.5)
62.3344 	EXP 	trialTarget: autoDraw = True
62.3344 	EXP 	trialHome: autoDraw = True
62.3344 	EXP 	trialCursor: autoDraw = True
62.3344 	EXP 	trialText: autoDraw = True
62.3344 	EXP 	trialBuff: autoDraw = True
63.0690 	EXP 	New trial (rep=0, index=23): OrderedDict([('trialNum', 23), ('phase', 'Aligned')])
63.0691 	EXP 	window1: mouseVisible = False
63.0830 	EXP 	trialTarget: autoDraw = False
63.0830 	EXP 	trialHome: autoDraw = False
63.0830 	EXP 	trialCursor: autoDraw = False
63.0830 	EXP 	trialText: autoDraw = False
63.0830 	EXP 	trialBuff: autoDraw = False
63.0830 	EXP 	trialText: text = '24'
63.0830 	EXP 	trialCursor: pos = (1.5, 1.5)
63.0830 	EXP 	trialTarget: autoDraw = True
63.0830 	EXP 	trialHome: autoDraw = True
63.0830 	EXP 	trialCursor: autoDraw = True
63.0830 	EXP 	trialText: autoDraw = True
63.0830 	EXP 	trialBuff: autoDraw = True
64.0938 	EXP 	trialBuff: autoDraw = False
64.1027 	EXP 	New trial (rep=0, index=24): OrderedDict([('trialNum', 24), ('phase', 'Aligned')])
64.1029 	EXP 	window1: mouseVisible = False
64.1167 	EXP 	trialTarget: autoDraw = False
64.1167 	EXP 	trialHome: autoDraw = False
64.1167 	EXP 	trialCursor: autoDraw = False
64.1167 	EXP 	trialText: autoDraw = False
64.1167 	EXP 	trialBuff: autoDraw = False
64.1167 	EXP 	trialText: text = '25'
64.1167 	EXP 	trialCursor: pos = (1.5, 1.5)
64.1167 	EXP 	trialTarget: autoDraw = True
64.1167 	EXP 	trialHome: autoDraw = True
64.1167 	EXP 	trialCursor: autoDraw = True
64.1167 	EXP 	trialText: autoDraw = True
64.1167 	EXP 	trialBuff: autoDraw = True
65.1263 	EXP 	trialBuff: autoDraw = False
65.1365 	EXP 	New trial (rep=0, index=25): OrderedDict([('trialNum', 25), ('phase', 'Aligned')])
65.1367 	EXP 	window1: mouseVisible = False
65.1509 	EXP 	trialTarget: autoDraw = False
65.1509 	EXP 	trialHome: autoDraw = False
65.1509 	EXP 	trialCursor: autoDraw = False
65.1509 	EXP 	trialText: autoDraw = False
65.1509 	EXP 	trialBuff: autoDraw = False
65.1509 	EXP 	trialText: text = '26'
65.1509 	EXP 	trialCursor: pos = (1.5, 1.5)
65.1509 	EXP 	trialTarget: autoDraw = True
65.1509 	EXP 	trialHome: autoDraw = True
65.1509 	EXP 	trialCursor: autoDraw = True
65.1509 	EXP 	trialText: autoDraw = True
65.1509 	EXP 	trialBuff: autoDraw = True
66.1595 	EXP 	trialBuff: autoDraw = False
66.3357 	EXP 	New trial (rep=0, index=26): OrderedDict([('trialNum', 26), ('phase', 'Aligned')])
66.3359 	EXP 	window1: mouseVisible = False
66.3507 	EXP 	trialTarget: autoDraw = False
66.3507 	EXP 	trialHome: autoDraw = False
66.3507 	EXP 	trialCursor: autoDraw = False
66.3507 	EXP 	trialText: autoDraw = False
66.3507 	EXP 	trialBuff: autoDraw = False
66.3507 	EXP 	trialText: text = '27'
66.3507 	EXP 	trialCursor: pos = (1.5, 1.5)
66.3507 	EXP 	trialTarget: autoDraw = True
66.3507 	EXP 	trialHome: autoDraw = True
66.3507 	EXP 	trialCursor: autoDraw = True
66.3507 	EXP 	trialText: autoDraw = True
66.3507 	EXP 	trialBuff: autoDraw = True
67.3347 	EXP 	New trial (rep=0, index=27): OrderedDict([('trialNum', 27), ('phase', 'Aligned')])
67.3348 	EXP 	window1: mouseVisible = False
67.3487 	EXP 	trialTarget: autoDraw = False
67.3487 	EXP 	trialHome: autoDraw = False
67.3487 	EXP 	trialCursor: autoDraw = False
67.3487 	EXP 	trialText: autoDraw = False
67.3487 	EXP 	trialBuff: autoDraw = False
67.3487 	EXP 	trialText: text = '28'
67.3487 	EXP 	trialCursor: pos = (1.5, 1.5)
67.3487 	EXP 	trialTarget: autoDraw = True
67.3487 	EXP 	trialHome: autoDraw = True
67.3487 	EXP 	trialCursor: autoDraw = True
67.3487 	EXP 	trialText: autoDraw = True
67.3487 	EXP 	trialBuff: autoDraw = True
68.3588 	EXP 	trialBuff: autoDraw = False
68.4426 	DATA 	Keypress: escape
68.9056 	EXP 	window1: mouseVisible = True
